This file contains any messages produced by compilers while
running configure, to aid debugging if configure makes a mistake.

It was created by libusb configure 1.0.19, which was
generated by GNU Autoconf 2.69.  Invocation command line was

  $ ./configure --host=arm-fsl-linux-gnueabi --disable-udev CFLAGS= LDFLAGS=

## --------- ##
## Platform. ##
## --------- ##

hostname = dog-desktop
uname -m = i686
uname -r = 2.6.32-38-generic
uname -s = Linux
uname -v = #83-Ubuntu SMP Wed Jan 4 11:13:04 UTC 2012

/usr/bin/uname -p = unknown
/bin/uname -X     = unknown

/bin/arch              = unknown
/usr/bin/arch -k       = unknown
/usr/convex/getsysinfo = unknown
/usr/bin/hostinfo      = unknown
/bin/machine           = unknown
/usr/bin/oslevel       = unknown
/bin/universe          = unknown

PATH: /usr/local/sbin
PATH: /usr/local/bin
PATH: /usr/sbin
PATH: /usr/bin
PATH: /sbin
PATH: /bin
PATH: /usr/games
PATH: /root/CodeSourcery/Sourcery_G++_Lite/bin
PATH: /opt/STM/STLinux-2.4/devkit/armv7/bin
PATH: /usr/local/dvsdk_omapl138-evm_04_03_00_06/linux-devkit/bin
PATH: /home/git/compile-tool-freescale-imx6/gcc-4.6.2-glibc-2.13-linaro-multilib-2011.12/tq-linaro-toolchain/bin


## ----------- ##
## Core tests. ##
## ----------- ##

configure:2416: checking for a BSD-compatible install
configure:2484: result: /usr/bin/install -c
configure:2495: checking whether build environment is sane
configure:2550: result: yes
configure:2609: checking for arm-fsl-linux-gnueabi-strip
configure:2625: found /home/git/compile-tool-freescale-imx6/gcc-4.6.2-glibc-2.13-linaro-multilib-2011.12/tq-linaro-toolchain/bin/arm-fsl-linux-gnueabi-strip
configure:2636: result: arm-fsl-linux-gnueabi-strip
configure:2701: checking for a thread-safe mkdir -p
configure:2740: result: /bin/mkdir -p
configure:2747: checking for gawk
configure:2763: found /usr/bin/gawk
configure:2774: result: gawk
configure:2785: checking whether make sets $(MAKE)
configure:2807: result: yes
configure:2836: checking whether make supports nested variables
configure:2853: result: yes
configure:2979: checking whether to enable maintainer-specific portions of Makefiles
configure:2988: result: no
configure:3017: checking whether make supports nested variables
configure:3034: result: yes
configure:3055: checking for arm-fsl-linux-gnueabi-gcc
configure:3071: found /home/git/compile-tool-freescale-imx6/gcc-4.6.2-glibc-2.13-linaro-multilib-2011.12/tq-linaro-toolchain/bin/arm-fsl-linux-gnueabi-gcc
configure:3082: result: arm-fsl-linux-gnueabi-gcc
configure:3351: checking for C compiler version
configure:3360: arm-fsl-linux-gnueabi-gcc --version >&5
arm-fsl-linux-gnueabi-gcc (Freescale MAD -- Linaro 2011.07 -- Built at 2011/08/10 09:20) 4.6.2 20110630 (prerelease)
Copyright (C) 2011 Free Software Foundation, Inc.
This is free software; see the source for copying conditions.  There is NO
warranty; not even for MERCHANTABILITY or FITNESS FOR A PARTICULAR PURPOSE.

configure:3371: $? = 0
configure:3360: arm-fsl-linux-gnueabi-gcc -v >&5
Using built-in specs.
COLLECT_GCC=arm-fsl-linux-gnueabi-gcc
COLLECT_LTO_WRAPPER=/home/git/compile-tool-freescale-imx6/gcc-4.6.2-glibc-2.13-linaro-multilib-2011.12/tq-linaro-toolchain/bin/../libexec/gcc/arm-fsl-linux-gnueabi/4.6.2/lto-wrapper
Target: arm-fsl-linux-gnueabi
Configured with: /work/build/.build/src/gcc-linaro-4.6-2011.06-0/configure --build=i686-build_pc-linux-gnu --host=i686-build_pc-linux-gnu --target=arm-fsl-linux-gnueabi --prefix=/work/fsl-linaro-toolchain-2.13 --with-sysroot=/work/fsl-linaro-toolchain-2.13/arm-fsl-linux-gnueabi/multi-libs --enable-languages=c,c++ --with-pkgversion='Freescale MAD -- Linaro 2011.07 -- Built at 2011/08/10 09:20' --enable-__cxa_atexit --disable-libmudflap --disable-libgomp --disable-libssp --with-gmp=/work/build/.build/arm-fsl-linux-gnueabi/build/static --with-mpfr=/work/build/.build/arm-fsl-linux-gnueabi/build/static --with-mpc=/work/build/.build/arm-fsl-linux-gnueabi/build/static --with-ppl=/work/build/.build/arm-fsl-linux-gnueabi/build/static --with-cloog=/work/build/.build/arm-fsl-linux-gnueabi/build/static --with-libelf=/work/build/.build/arm-fsl-linux-gnueabi/build/static --with-host-libstdcxx='-static-libgcc -Wl,-Bstatic,-lstdc++,-Bdynamic -lm -L/work/build/.build/arm-fsl-linux-gnueabi/build/static/lib -lpwl' --enable-threads=posix --enable-target-optspace --enable-plugin --enable-multilib --with-local-prefix=/work/fsl-linaro-toolchain-2.13/arm-fsl-linux-gnueabi/multi-libs --disable-nls --enable-c99 --enable-long-long --with-system-zlib
Thread model: posix
gcc version 4.6.2 20110630 (prerelease) (Freescale MAD -- Linaro 2011.07 -- Built at 2011/08/10 09:20) 
configure:3371: $? = 0
configure:3360: arm-fsl-linux-gnueabi-gcc -V >&5
arm-fsl-linux-gnueabi-gcc: error: unrecognized option '-V'
arm-fsl-linux-gnueabi-gcc: fatal error: no input files
compilation terminated.
configure:3371: $? = 1
configure:3360: arm-fsl-linux-gnueabi-gcc -qversion >&5
arm-fsl-linux-gnueabi-gcc: error: unrecognized option '-qversion'
arm-fsl-linux-gnueabi-gcc: fatal error: no input files
compilation terminated.
configure:3371: $? = 1
configure:3391: checking whether the C compiler works
configure:3413: arm-fsl-linux-gnueabi-gcc    conftest.c  >&5
configure:3417: $? = 0
configure:3465: result: yes
configure:3468: checking for C compiler default output file name
configure:3470: result: a.out
configure:3476: checking for suffix of executables
configure:3483: arm-fsl-linux-gnueabi-gcc -o conftest    conftest.c  >&5
configure:3487: $? = 0
configure:3509: result: 
configure:3531: checking whether we are cross compiling
configure:3539: arm-fsl-linux-gnueabi-gcc -o conftest    conftest.c  >&5
configure:3543: $? = 0
configure:3550: ./conftest
./configure: line 3552: ./conftest: cannot execute binary file
configure:3554: $? = 126
configure:3569: result: yes
configure:3574: checking for suffix of object files
configure:3596: arm-fsl-linux-gnueabi-gcc -c   conftest.c >&5
configure:3600: $? = 0
configure:3621: result: o
configure:3625: checking whether we are using the GNU C compiler
configure:3644: arm-fsl-linux-gnueabi-gcc -c   conftest.c >&5
configure:3644: $? = 0
configure:3653: result: yes
configure:3662: checking whether arm-fsl-linux-gnueabi-gcc accepts -g
configure:3682: arm-fsl-linux-gnueabi-gcc -c -g  conftest.c >&5
configure:3682: $? = 0
configure:3723: result: yes
configure:3740: checking for arm-fsl-linux-gnueabi-gcc option to accept ISO C89
configure:3803: arm-fsl-linux-gnueabi-gcc  -c   conftest.c >&5
configure:3803: $? = 0
configure:3816: result: none needed
configure:3841: checking whether arm-fsl-linux-gnueabi-gcc understands -c and -o together
configure:3863: arm-fsl-linux-gnueabi-gcc -c conftest.c -o conftest2.o
configure:3866: $? = 0
configure:3863: arm-fsl-linux-gnueabi-gcc -c conftest.c -o conftest2.o
configure:3866: $? = 0
configure:3878: result: yes
configure:3906: checking for style of include used by make
configure:3934: result: GNU
configure:3960: checking dependency style of arm-fsl-linux-gnueabi-gcc
configure:4071: result: gcc3
configure:4115: checking build system type
configure:4129: result: i686-pc-linux-gnu
configure:4149: checking host system type
configure:4162: result: arm-fsl-linux-gnueabi
configure:4203: checking how to print strings
configure:4230: result: printf
configure:4251: checking for a sed that does not truncate output
configure:4315: result: /bin/sed
configure:4333: checking for grep that handles long lines and -e
configure:4391: result: /bin/grep
configure:4396: checking for egrep
configure:4458: result: /bin/grep -E
configure:4463: checking for fgrep
configure:4525: result: /bin/grep -F
configure:4560: checking for ld used by arm-fsl-linux-gnueabi-gcc
configure:4627: result: /home/git/compile-tool-freescale-imx6/gcc-4.6.2-glibc-2.13-linaro-multilib-2011.12/tq-linaro-toolchain/arm-fsl-linux-gnueabi/bin/ld
configure:4634: checking if the linker (/home/git/compile-tool-freescale-imx6/gcc-4.6.2-glibc-2.13-linaro-multilib-2011.12/tq-linaro-toolchain/arm-fsl-linux-gnueabi/bin/ld) is GNU ld
configure:4649: result: yes
configure:4661: checking for BSD- or MS-compatible name lister (nm)
configure:4710: result: /home/git/compile-tool-freescale-imx6/gcc-4.6.2-glibc-2.13-linaro-multilib-2011.12/tq-linaro-toolchain/bin/arm-fsl-linux-gnueabi-nm -B
configure:4840: checking the name lister (/home/git/compile-tool-freescale-imx6/gcc-4.6.2-glibc-2.13-linaro-multilib-2011.12/tq-linaro-toolchain/bin/arm-fsl-linux-gnueabi-nm -B) interface
configure:4847: arm-fsl-linux-gnueabi-gcc -c   conftest.c >&5
configure:4850: /home/git/compile-tool-freescale-imx6/gcc-4.6.2-glibc-2.13-linaro-multilib-2011.12/tq-linaro-toolchain/bin/arm-fsl-linux-gnueabi-nm -B "conftest.o"
configure:4853: output
00000000 B some_variable
configure:4860: result: BSD nm
configure:4863: checking whether ln -s works
configure:4867: result: yes
configure:4875: checking the maximum length of command line arguments
configure:5005: result: 805306365
configure:5022: checking whether the shell understands some XSI constructs
configure:5032: result: yes
configure:5036: checking whether the shell understands "+="
configure:5042: result: yes
configure:5077: checking how to convert i686-pc-linux-gnu file names to arm-fsl-linux-gnueabi format
configure:5117: result: func_convert_file_noop
configure:5124: checking how to convert i686-pc-linux-gnu file names to toolchain format
configure:5144: result: func_convert_file_noop
configure:5151: checking for /home/git/compile-tool-freescale-imx6/gcc-4.6.2-glibc-2.13-linaro-multilib-2011.12/tq-linaro-toolchain/arm-fsl-linux-gnueabi/bin/ld option to reload object files
configure:5158: result: -r
configure:5192: checking for arm-fsl-linux-gnueabi-objdump
configure:5208: found /home/git/compile-tool-freescale-imx6/gcc-4.6.2-glibc-2.13-linaro-multilib-2011.12/tq-linaro-toolchain/bin/arm-fsl-linux-gnueabi-objdump
configure:5219: result: arm-fsl-linux-gnueabi-objdump
configure:5291: checking how to recognize dependent libraries
configure:5493: result: pass_all
configure:5538: checking for arm-fsl-linux-gnueabi-dlltool
configure:5568: result: no
configure:5578: checking for dlltool
configure:5608: result: no
configure:5638: checking how to associate runtime and link libraries
configure:5665: result: printf %s\n
configure:5682: checking for arm-fsl-linux-gnueabi-ar
configure:5698: found /home/git/compile-tool-freescale-imx6/gcc-4.6.2-glibc-2.13-linaro-multilib-2011.12/tq-linaro-toolchain/bin/arm-fsl-linux-gnueabi-ar
configure:5709: result: arm-fsl-linux-gnueabi-ar
configure:5790: checking for archiver @FILE support
configure:5807: arm-fsl-linux-gnueabi-gcc -c   conftest.c >&5
configure:5807: $? = 0
configure:5810: arm-fsl-linux-gnueabi-ar cru libconftest.a @conftest.lst >&5
configure:5813: $? = 0
configure:5818: arm-fsl-linux-gnueabi-ar cru libconftest.a @conftest.lst >&5
arm-fsl-linux-gnueabi-ar: conftest.o: No such file or directory
configure:5821: $? = 1
configure:5833: result: @
configure:5851: checking for arm-fsl-linux-gnueabi-strip
configure:5878: result: arm-fsl-linux-gnueabi-strip
configure:5950: checking for arm-fsl-linux-gnueabi-ranlib
configure:5966: found /home/git/compile-tool-freescale-imx6/gcc-4.6.2-glibc-2.13-linaro-multilib-2011.12/tq-linaro-toolchain/bin/arm-fsl-linux-gnueabi-ranlib
configure:5977: result: arm-fsl-linux-gnueabi-ranlib
configure:6119: checking command to parse /home/git/compile-tool-freescale-imx6/gcc-4.6.2-glibc-2.13-linaro-multilib-2011.12/tq-linaro-toolchain/bin/arm-fsl-linux-gnueabi-nm -B output from arm-fsl-linux-gnueabi-gcc object
configure:6239: arm-fsl-linux-gnueabi-gcc -c   conftest.c >&5
configure:6242: $? = 0
configure:6246: /home/git/compile-tool-freescale-imx6/gcc-4.6.2-glibc-2.13-linaro-multilib-2011.12/tq-linaro-toolchain/bin/arm-fsl-linux-gnueabi-nm -B conftest.o \| sed -n -e 's/^.*[ ]\([ABCDGIRSTW][ABCDGIRSTW]*\)[ ][ ]*\([_A-Za-z][_A-Za-z0-9]*\)$/\1 \2 \2/p' | sed '/ __gnu_lto/d' \> conftest.nm
configure:6249: $? = 0
configure:6315: arm-fsl-linux-gnueabi-gcc -o conftest    conftest.c conftstm.o >&5
configure:6318: $? = 0
configure:6356: result: ok
configure:6393: checking for sysroot
configure:6423: result: no
configure:6645: checking for arm-fsl-linux-gnueabi-mt
configure:6675: result: no
configure:6685: checking for mt
configure:6701: found /bin/mt
configure:6712: result: mt
configure:6724: WARNING: using cross tools not prefixed with host triplet
configure:6735: checking if mt is a manifest tool
configure:6741: mt '-?'
mt: invalid option -- ?
configure:6749: result: no
configure:7391: checking how to run the C preprocessor
configure:7422: arm-fsl-linux-gnueabi-gcc -E  conftest.c
configure:7422: $? = 0
configure:7436: arm-fsl-linux-gnueabi-gcc -E  conftest.c
conftest.c:11:28: fatal error: ac_nonexistent.h: No such file or directory
compilation terminated.
configure:7436: $? = 1
configure: failed program was:
| /* confdefs.h */
| #define PACKAGE_NAME "libusb"
| #define PACKAGE_TARNAME "libusb"
| #define PACKAGE_VERSION "1.0.19"
| #define PACKAGE_STRING "libusb 1.0.19"
| #define PACKAGE_BUGREPORT "libusb-devel@lists.sourceforge.net"
| #define PACKAGE_URL "http://libusb.info"
| #define PACKAGE "libusb"
| #define VERSION "1.0.19"
| /* end confdefs.h.  */
| #include <ac_nonexistent.h>
configure:7461: result: arm-fsl-linux-gnueabi-gcc -E
configure:7481: arm-fsl-linux-gnueabi-gcc -E  conftest.c
configure:7481: $? = 0
configure:7495: arm-fsl-linux-gnueabi-gcc -E  conftest.c
conftest.c:11:28: fatal error: ac_nonexistent.h: No such file or directory
compilation terminated.
configure:7495: $? = 1
configure: failed program was:
| /* confdefs.h */
| #define PACKAGE_NAME "libusb"
| #define PACKAGE_TARNAME "libusb"
| #define PACKAGE_VERSION "1.0.19"
| #define PACKAGE_STRING "libusb 1.0.19"
| #define PACKAGE_BUGREPORT "libusb-devel@lists.sourceforge.net"
| #define PACKAGE_URL "http://libusb.info"
| #define PACKAGE "libusb"
| #define VERSION "1.0.19"
| /* end confdefs.h.  */
| #include <ac_nonexistent.h>
configure:7524: checking for ANSI C header files
configure:7544: arm-fsl-linux-gnueabi-gcc -c   conftest.c >&5
configure:7544: $? = 0
configure:7628: result: yes
configure:7641: checking for sys/types.h
configure:7641: arm-fsl-linux-gnueabi-gcc -c   conftest.c >&5
configure:7641: $? = 0
configure:7641: result: yes
configure:7641: checking for sys/stat.h
configure:7641: arm-fsl-linux-gnueabi-gcc -c   conftest.c >&5
configure:7641: $? = 0
configure:7641: result: yes
configure:7641: checking for stdlib.h
configure:7641: arm-fsl-linux-gnueabi-gcc -c   conftest.c >&5
configure:7641: $? = 0
configure:7641: result: yes
configure:7641: checking for string.h
configure:7641: arm-fsl-linux-gnueabi-gcc -c   conftest.c >&5
configure:7641: $? = 0
configure:7641: result: yes
configure:7641: checking for memory.h
configure:7641: arm-fsl-linux-gnueabi-gcc -c   conftest.c >&5
configure:7641: $? = 0
configure:7641: result: yes
configure:7641: checking for strings.h
configure:7641: arm-fsl-linux-gnueabi-gcc -c   conftest.c >&5
configure:7641: $? = 0
configure:7641: result: yes
configure:7641: checking for inttypes.h
configure:7641: arm-fsl-linux-gnueabi-gcc -c   conftest.c >&5
configure:7641: $? = 0
configure:7641: result: yes
configure:7641: checking for stdint.h
configure:7641: arm-fsl-linux-gnueabi-gcc -c   conftest.c >&5
configure:7641: $? = 0
configure:7641: result: yes
configure:7641: checking for unistd.h
configure:7641: arm-fsl-linux-gnueabi-gcc -c   conftest.c >&5
configure:7641: $? = 0
configure:7641: result: yes
configure:7655: checking for dlfcn.h
configure:7655: arm-fsl-linux-gnueabi-gcc -c   conftest.c >&5
configure:7655: $? = 0
configure:7655: result: yes
configure:7861: checking for objdir
configure:7876: result: .libs
configure:8147: checking if arm-fsl-linux-gnueabi-gcc supports -fno-rtti -fno-exceptions
configure:8165: arm-fsl-linux-gnueabi-gcc -c   -fno-rtti -fno-exceptions conftest.c >&5
cc1: warning: command line option '-fno-rtti' is valid for C++/ObjC++ but not for C [enabled by default]
configure:8169: $? = 0
configure:8182: result: no
configure:8509: checking for arm-fsl-linux-gnueabi-gcc option to produce PIC
configure:8516: result: -fPIC -DPIC
configure:8524: checking if arm-fsl-linux-gnueabi-gcc PIC flag -fPIC -DPIC works
configure:8542: arm-fsl-linux-gnueabi-gcc -c   -fPIC -DPIC -DPIC conftest.c >&5
configure:8546: $? = 0
configure:8559: result: yes
configure:8588: checking if arm-fsl-linux-gnueabi-gcc static flag -static works
configure:8616: result: yes
configure:8631: checking if arm-fsl-linux-gnueabi-gcc supports -c -o file.o
configure:8652: arm-fsl-linux-gnueabi-gcc -c   -o out/conftest2.o conftest.c >&5
configure:8656: $? = 0
configure:8678: result: yes
configure:8686: checking if arm-fsl-linux-gnueabi-gcc supports -c -o file.o
configure:8733: result: yes
configure:8766: checking whether the arm-fsl-linux-gnueabi-gcc linker (/home/git/compile-tool-freescale-imx6/gcc-4.6.2-glibc-2.13-linaro-multilib-2011.12/tq-linaro-toolchain/arm-fsl-linux-gnueabi/bin/ld) supports shared libraries
configure:9919: result: yes
configure:9956: checking whether -lc should be explicitly linked in
configure:9964: arm-fsl-linux-gnueabi-gcc -c   conftest.c >&5
configure:9967: $? = 0
configure:9982: arm-fsl-linux-gnueabi-gcc -shared  -fPIC -DPIC conftest.o  -v -Wl,-soname -Wl,conftest -o conftest 2\>\&1 \| /bin/grep  -lc  \>/dev/null 2\>\&1
configure:9985: $? = 0
configure:9999: result: no
configure:10159: checking dynamic linker characteristics
configure:10670: arm-fsl-linux-gnueabi-gcc -o conftest    -Wl,-rpath -Wl,/foo conftest.c  >&5
configure:10670: $? = 0
configure:10896: result: GNU/Linux ld.so
configure:11003: checking how to hardcode library paths into programs
configure:11028: result: immediate
configure:11568: checking whether stripping libraries is possible
configure:11573: result: yes
configure:11608: checking if libtool supports shared libraries
configure:11610: result: yes
configure:11613: checking whether to build shared libraries
configure:11634: result: yes
configure:11637: checking whether to build static libraries
configure:11641: result: yes
configure:11681: checking for arm-fsl-linux-gnueabi-windres
configure:11711: result: no
configure:11721: checking for windres
configure:11751: result: no
configure:11855: checking for inline
configure:11871: arm-fsl-linux-gnueabi-gcc -c   conftest.c >&5
configure:11871: $? = 0
configure:11879: result: inline
configure:11904: checking operating system
configure:11919: result: Linux
configure:11966: checking for library containing clock_gettime
configure:11997: arm-fsl-linux-gnueabi-gcc -o conftest    conftest.c  >&5
/tmp/ccgBxnQ1.o: In function `main':
conftest.c:(.text+0x8): undefined reference to `clock_gettime'
collect2: ld returned 1 exit status
configure:11997: $? = 1
configure: failed program was:
| /* confdefs.h */
| #define PACKAGE_NAME "libusb"
| #define PACKAGE_TARNAME "libusb"
| #define PACKAGE_VERSION "1.0.19"
| #define PACKAGE_STRING "libusb 1.0.19"
| #define PACKAGE_BUGREPORT "libusb-devel@lists.sourceforge.net"
| #define PACKAGE_URL "http://libusb.info"
| #define PACKAGE "libusb"
| #define VERSION "1.0.19"
| #define STDC_HEADERS 1
| #define HAVE_SYS_TYPES_H 1
| #define HAVE_SYS_STAT_H 1
| #define HAVE_STDLIB_H 1
| #define HAVE_STRING_H 1
| #define HAVE_MEMORY_H 1
| #define HAVE_STRINGS_H 1
| #define HAVE_INTTYPES_H 1
| #define HAVE_STDINT_H 1
| #define HAVE_UNISTD_H 1
| #define HAVE_DLFCN_H 1
| #define LT_OBJDIR ".libs/"
| #define _GNU_SOURCE 1
| #define OS_LINUX 1
| /* end confdefs.h.  */
| 
| /* Override any GCC internal prototype to avoid an error.
|    Use char because int might match the return type of a GCC
|    builtin and then its argument prototype would still apply.  */
| #ifdef __cplusplus
| extern "C"
| #endif
| char clock_gettime ();
| int
| main ()
| {
| return clock_gettime ();
|   ;
|   return 0;
| }
configure:11997: arm-fsl-linux-gnueabi-gcc -o conftest    conftest.c -lrt -pthread  >&5
configure:11997: $? = 0
configure:12014: result: -lrt
configure:12099: checking asm/types.h usability
configure:12099: arm-fsl-linux-gnueabi-gcc -c   conftest.c >&5
configure:12099: $? = 0
configure:12099: result: yes
configure:12099: checking asm/types.h presence
configure:12099: arm-fsl-linux-gnueabi-gcc -E  conftest.c
configure:12099: $? = 0
configure:12099: result: yes
configure:12099: checking for asm/types.h
configure:12099: result: yes
configure:12099: checking sys/socket.h usability
configure:12099: arm-fsl-linux-gnueabi-gcc -c   conftest.c >&5
configure:12099: $? = 0
configure:12099: result: yes
configure:12099: checking sys/socket.h presence
configure:12099: arm-fsl-linux-gnueabi-gcc -E  conftest.c
configure:12099: $? = 0
configure:12099: result: yes
configure:12099: checking for sys/socket.h
configure:12099: result: yes
configure:12112: checking for linux/netlink.h
configure:12112: arm-fsl-linux-gnueabi-gcc -c   conftest.c >&5
configure:12112: $? = 0
configure:12112: result: yes
configure:12112: checking for linux/filter.h
configure:12112: arm-fsl-linux-gnueabi-gcc -c   conftest.c >&5
configure:12112: $? = 0
configure:12112: result: yes
configure:12150: checking poll.h usability
configure:12150: arm-fsl-linux-gnueabi-gcc -c   conftest.c >&5
configure:12150: $? = 0
configure:12150: result: yes
configure:12150: checking poll.h presence
configure:12150: arm-fsl-linux-gnueabi-gcc -E  conftest.c
configure:12150: $? = 0
configure:12150: result: yes
configure:12150: checking for poll.h
configure:12150: result: yes
configure:12328: checking sys/timerfd.h usability
configure:12328: arm-fsl-linux-gnueabi-gcc -c   conftest.c >&5
configure:12328: $? = 0
configure:12328: result: yes
configure:12328: checking sys/timerfd.h presence
configure:12328: arm-fsl-linux-gnueabi-gcc -E  conftest.c
configure:12328: $? = 0
configure:12328: result: yes
configure:12328: checking for sys/timerfd.h
configure:12328: result: yes
configure:12348: checking whether TFD_NONBLOCK is declared
configure:12348: arm-fsl-linux-gnueabi-gcc -c   conftest.c >&5
configure:12348: $? = 0
configure:12348: result: yes
configure:12360: checking whether to use timerfd for timing
configure:12367: result: yes
configure:12378: checking for struct timespec
configure:12378: arm-fsl-linux-gnueabi-gcc -c   conftest.c >&5
configure:12378: $? = 0
configure:12378: arm-fsl-linux-gnueabi-gcc -c   conftest.c >&5
conftest.c: In function 'main':
conftest.c:69:30: error: expected expression before ')' token
configure:12378: $? = 1
configure: failed program was:
| /* confdefs.h */
| #define PACKAGE_NAME "libusb"
| #define PACKAGE_TARNAME "libusb"
| #define PACKAGE_VERSION "1.0.19"
| #define PACKAGE_STRING "libusb 1.0.19"
| #define PACKAGE_BUGREPORT "libusb-devel@lists.sourceforge.net"
| #define PACKAGE_URL "http://libusb.info"
| #define PACKAGE "libusb"
| #define VERSION "1.0.19"
| #define STDC_HEADERS 1
| #define HAVE_SYS_TYPES_H 1
| #define HAVE_SYS_STAT_H 1
| #define HAVE_STDLIB_H 1
| #define HAVE_STRING_H 1
| #define HAVE_MEMORY_H 1
| #define HAVE_STRINGS_H 1
| #define HAVE_INTTYPES_H 1
| #define HAVE_STDINT_H 1
| #define HAVE_UNISTD_H 1
| #define HAVE_DLFCN_H 1
| #define LT_OBJDIR ".libs/"
| #define _GNU_SOURCE 1
| #define OS_LINUX 1
| #define HAVE_ASM_TYPES_H 1
| #define HAVE_SYS_SOCKET_H 1
| #define HAVE_LINUX_NETLINK_H 1
| #define HAVE_LINUX_FILTER_H 1
| #define HAVE_POLL_H 1
| #define POLL_NFDS_TYPE nfds_t
| #define THREADS_POSIX 1
| #define USBI_TIMERFD_AVAILABLE 1
| /* end confdefs.h.  */
| #include <stdio.h>
| #ifdef HAVE_SYS_TYPES_H
| # include <sys/types.h>
| #endif
| #ifdef HAVE_SYS_STAT_H
| # include <sys/stat.h>
| #endif
| #ifdef STDC_HEADERS
| # include <stdlib.h>
| # include <stddef.h>
| #else
| # ifdef HAVE_STDLIB_H
| #  include <stdlib.h>
| # endif
| #endif
| #ifdef HAVE_STRING_H
| # if !defined STDC_HEADERS && defined HAVE_MEMORY_H
| #  include <memory.h>
| # endif
| # include <string.h>
| #endif
| #ifdef HAVE_STRINGS_H
| # include <strings.h>
| #endif
| #ifdef HAVE_INTTYPES_H
| # include <inttypes.h>
| #endif
| #ifdef HAVE_STDINT_H
| # include <stdint.h>
| #endif
| #ifdef HAVE_UNISTD_H
| # include <unistd.h>
| #endif
| int
| main ()
| {
| if (sizeof ((struct timespec)))
| 	    return 0;
|   ;
|   return 0;
| }
configure:12378: result: yes
configure:12432: checking syslog.h usability
configure:12432: arm-fsl-linux-gnueabi-gcc -c   conftest.c >&5
configure:12432: $? = 0
configure:12432: result: yes
configure:12432: checking syslog.h presence
configure:12432: arm-fsl-linux-gnueabi-gcc -E  conftest.c
configure:12432: $? = 0
configure:12432: result: yes
configure:12432: checking for syslog.h
configure:12432: result: yes
configure:12442: checking for syslog
configure:12442: arm-fsl-linux-gnueabi-gcc -o conftest    conftest.c -lrt  -pthread >&5
configure:12442: $? = 0
configure:12442: result: yes
configure:12504: arm-fsl-linux-gnueabi-gcc -c  -Werror -fvisibility=hidden  conftest.c >&5
configure:12504: $? = 0
configure:12532: arm-fsl-linux-gnueabi-gcc -c  -Wno-pointer-sign  conftest.c >&5
configure:12532: $? = 0
configure:12541: checking for sigaction
configure:12541: arm-fsl-linux-gnueabi-gcc -o conftest    conftest.c -lrt  -pthread >&5
configure:12541: $? = 0
configure:12541: result: yes
configure:12560: checking sys/time.h usability
configure:12560: arm-fsl-linux-gnueabi-gcc -c   conftest.c >&5
configure:12560: $? = 0
configure:12560: result: yes
configure:12560: checking sys/time.h presence
configure:12560: arm-fsl-linux-gnueabi-gcc -E  conftest.c
configure:12560: $? = 0
configure:12560: result: yes
configure:12560: checking for sys/time.h
configure:12560: result: yes
configure:12572: checking for gettimeofday
configure:12572: arm-fsl-linux-gnueabi-gcc -o conftest    conftest.c -lrt  -pthread >&5
configure:12572: $? = 0
configure:12572: result: yes
configure:12583: checking signal.h usability
configure:12583: arm-fsl-linux-gnueabi-gcc -c   conftest.c >&5
configure:12583: $? = 0
configure:12583: result: yes
configure:12583: checking signal.h presence
configure:12583: arm-fsl-linux-gnueabi-gcc -E  conftest.c
configure:12583: $? = 0
configure:12583: result: yes
configure:12583: checking for signal.h
configure:12583: result: yes
configure:12722: checking that generated files are newer than configure
configure:12728: result: done
configure:12799: creating ./config.status

## ---------------------- ##
## Running config.status. ##
## ---------------------- ##

This file was extended by libusb config.status 1.0.19, which was
generated by GNU Autoconf 2.69.  Invocation command line was

  CONFIG_FILES    = 
  CONFIG_HEADERS  = 
  CONFIG_LINKS    = 
  CONFIG_COMMANDS = 
  $ ./config.status 

on dog-desktop

config.status:1183: creating libusb-1.0.pc
config.status:1183: creating Makefile
config.status:1183: creating libusb/Makefile
config.status:1183: creating examples/Makefile
config.status:1183: creating tests/Makefile
config.status:1183: creating doc/Makefile
config.status:1183: creating doc/doxygen.cfg
config.status:1183: creating config.h
config.status:1364: config.h is unchanged
config.status:1412: executing depfiles commands
config.status:1412: executing libtool commands

## ---------------- ##
## Cache variables. ##
## ---------------- ##

ac_cv_build=i686-pc-linux-gnu
ac_cv_c_compiler_gnu=yes
ac_cv_c_inline=inline
ac_cv_env_CC_set=
ac_cv_env_CC_value=
ac_cv_env_CFLAGS_set=set
ac_cv_env_CFLAGS_value=
ac_cv_env_CPPFLAGS_set=
ac_cv_env_CPPFLAGS_value=
ac_cv_env_CPP_set=
ac_cv_env_CPP_value=
ac_cv_env_LDFLAGS_set=set
ac_cv_env_LDFLAGS_value=
ac_cv_env_LIBS_set=
ac_cv_env_LIBS_value=
ac_cv_env_build_alias_set=
ac_cv_env_build_alias_value=
ac_cv_env_host_alias_set=set
ac_cv_env_host_alias_value=arm-fsl-linux-gnueabi
ac_cv_env_target_alias_set=
ac_cv_env_target_alias_value=
ac_cv_func_gettimeofday=yes
ac_cv_func_sigaction=yes
ac_cv_func_syslog=yes
ac_cv_have_decl_TFD_NONBLOCK=yes
ac_cv_header_asm_types_h=yes
ac_cv_header_dlfcn_h=yes
ac_cv_header_inttypes_h=yes
ac_cv_header_linux_filter_h=yes
ac_cv_header_linux_netlink_h=yes
ac_cv_header_memory_h=yes
ac_cv_header_poll_h=yes
ac_cv_header_signal_h=yes
ac_cv_header_stdc=yes
ac_cv_header_stdint_h=yes
ac_cv_header_stdlib_h=yes
ac_cv_header_string_h=yes
ac_cv_header_strings_h=yes
ac_cv_header_sys_socket_h=yes
ac_cv_header_sys_stat_h=yes
ac_cv_header_sys_time_h=yes
ac_cv_header_sys_timerfd_h=yes
ac_cv_header_sys_types_h=yes
ac_cv_header_syslog_h=yes
ac_cv_header_unistd_h=yes
ac_cv_host=arm-fsl-linux-gnueabi
ac_cv_objext=o
ac_cv_path_EGREP='/bin/grep -E'
ac_cv_path_FGREP='/bin/grep -F'
ac_cv_path_GREP=/bin/grep
ac_cv_path_SED=/bin/sed
ac_cv_path_install='/usr/bin/install -c'
ac_cv_path_mkdir=/bin/mkdir
ac_cv_prog_AR=arm-fsl-linux-gnueabi-ar
ac_cv_prog_AWK=gawk
ac_cv_prog_CC=arm-fsl-linux-gnueabi-gcc
ac_cv_prog_CPP='arm-fsl-linux-gnueabi-gcc -E'
ac_cv_prog_OBJDUMP=arm-fsl-linux-gnueabi-objdump
ac_cv_prog_RANLIB=arm-fsl-linux-gnueabi-ranlib
ac_cv_prog_STRIP=arm-fsl-linux-gnueabi-strip
ac_cv_prog_ac_ct_MANIFEST_TOOL=mt
ac_cv_prog_cc_c89=
ac_cv_prog_cc_g=yes
ac_cv_prog_make_make_set=yes
ac_cv_search_clock_gettime=-lrt
ac_cv_type_struct_timespec=yes
am_cv_CC_dependencies_compiler_type=gcc3
am_cv_make_support_nested_variables=yes
am_cv_prog_cc_c_o=yes
lt_cv_ar_at_file=@
lt_cv_archive_cmds_need_lc=no
lt_cv_deplibs_check_method=pass_all
lt_cv_file_magic_cmd='$MAGIC_CMD'
lt_cv_file_magic_test_file=
lt_cv_ld_reload_flag=-r
lt_cv_nm_interface='BSD nm'
lt_cv_objdir=.libs
lt_cv_path_LD=/home/git/compile-tool-freescale-imx6/gcc-4.6.2-glibc-2.13-linaro-multilib-2011.12/tq-linaro-toolchain/arm-fsl-linux-gnueabi/bin/ld
lt_cv_path_NM='/home/git/compile-tool-freescale-imx6/gcc-4.6.2-glibc-2.13-linaro-multilib-2011.12/tq-linaro-toolchain/bin/arm-fsl-linux-gnueabi-nm -B'
lt_cv_path_mainfest_tool=no
lt_cv_prog_compiler_c_o=yes
lt_cv_prog_compiler_c_o_RC=yes
lt_cv_prog_compiler_pic='-fPIC -DPIC'
lt_cv_prog_compiler_pic_works=yes
lt_cv_prog_compiler_rtti_exceptions=no
lt_cv_prog_compiler_static_works=yes
lt_cv_prog_gnu_ld=yes
lt_cv_sharedlib_from_linklib_cmd='printf %s\n'
lt_cv_shlibpath_overrides_runpath=no
lt_cv_sys_global_symbol_pipe='sed -n -e '\''s/^.*[	 ]\([ABCDGIRSTW][ABCDGIRSTW]*\)[	 ][	 ]*\([_A-Za-z][_A-Za-z0-9]*\)$/\1 \2 \2/p'\'' | sed '\''/ __gnu_lto/d'\'''
lt_cv_sys_global_symbol_to_c_name_address='sed -n -e '\''s/^: \([^ ]*\)[ ]*$/  {\"\1\", (void *) 0},/p'\'' -e '\''s/^[ABCDGIRSTW]* \([^ ]*\) \([^ ]*\)$/  {"\2", (void *) \&\2},/p'\'''
lt_cv_sys_global_symbol_to_c_name_address_lib_prefix='sed -n -e '\''s/^: \([^ ]*\)[ ]*$/  {\"\1\", (void *) 0},/p'\'' -e '\''s/^[ABCDGIRSTW]* \([^ ]*\) \(lib[^ ]*\)$/  {"\2", (void *) \&\2},/p'\'' -e '\''s/^[ABCDGIRSTW]* \([^ ]*\) \([^ ]*\)$/  {"lib\2", (void *) \&\2},/p'\'''
lt_cv_sys_global_symbol_to_cdecl='sed -n -e '\''s/^T .* \(.*\)$/extern int \1();/p'\'' -e '\''s/^[ABCDGIRSTW]* .* \(.*\)$/extern char \1;/p'\'''
lt_cv_sys_max_cmd_len=805306365
lt_cv_to_host_file_cmd=func_convert_file_noop
lt_cv_to_tool_file_cmd=func_convert_file_noop

## ----------------- ##
## Output variables. ##
## ----------------- ##

ACLOCAL='${SHELL} /home/git/syscode/src/dspcom/libusb-1.0.19/missing aclocal-1.14'
AMDEPBACKSLASH='\'
AMDEP_FALSE='#'
AMDEP_TRUE=''
AMTAR='$${TAR-tar}'
AM_BACKSLASH='\'
AM_CFLAGS=' -std=gnu99 -Wall -Wundef -Wunused -Wstrict-prototypes -Werror-implicit-function-declaration -Wno-pointer-sign -Wshadow -pthread -fvisibility=hidden'
AM_DEFAULT_V='$(AM_DEFAULT_VERBOSITY)'
AM_DEFAULT_VERBOSITY='0'
AM_V='$(V)'
AR='arm-fsl-linux-gnueabi-ar'
AUTOCONF='${SHELL} /home/git/syscode/src/dspcom/libusb-1.0.19/missing autoconf'
AUTOHEADER='${SHELL} /home/git/syscode/src/dspcom/libusb-1.0.19/missing autoheader'
AUTOMAKE='${SHELL} /home/git/syscode/src/dspcom/libusb-1.0.19/missing automake-1.14'
AWK='gawk'
BUILD_EXAMPLES_FALSE=''
BUILD_EXAMPLES_TRUE='#'
BUILD_TESTS_FALSE=''
BUILD_TESTS_TRUE='#'
CC='arm-fsl-linux-gnueabi-gcc'
CCDEPMODE='depmode=gcc3'
CFLAGS=''
CPP='arm-fsl-linux-gnueabi-gcc -E'
CPPFLAGS=''
CREATE_IMPORT_LIB_FALSE=''
CREATE_IMPORT_LIB_TRUE='#'
CYGPATH_W='echo'
DEFS='-DHAVE_CONFIG_H'
DEPDIR='.deps'
DLLTOOL='false'
DSYMUTIL=''
DUMPBIN=''
ECHO_C=''
ECHO_N='-n'
ECHO_T=''
EGREP='/bin/grep -E'
EXEEXT=''
FGREP='/bin/grep -F'
GREP='/bin/grep'
HAVE_SIGACTION_FALSE='#'
HAVE_SIGACTION_TRUE=''
INSTALL_DATA='${INSTALL} -m 644'
INSTALL_PROGRAM='${INSTALL}'
INSTALL_SCRIPT='${INSTALL}'
INSTALL_STRIP_PROGRAM='$(install_sh) -c -s'
LD='/home/git/compile-tool-freescale-imx6/gcc-4.6.2-glibc-2.13-linaro-multilib-2011.12/tq-linaro-toolchain/arm-fsl-linux-gnueabi/bin/ld'
LDFLAGS=''
LIBOBJS=''
LIBS='-lrt  -pthread'
LIBTOOL='$(SHELL) $(top_builddir)/libtool'
LIPO=''
LN_S='ln -s'
LTLDFLAGS='-version-info 1:0:1 -no-undefined'
LTLIBOBJS=''
MAINT='#'
MAINTAINER_MODE_FALSE=''
MAINTAINER_MODE_TRUE='#'
MAKEINFO='${SHELL} /home/git/syscode/src/dspcom/libusb-1.0.19/missing makeinfo'
MANIFEST_TOOL=':'
MKDIR_P='/bin/mkdir -p'
NM='/home/git/compile-tool-freescale-imx6/gcc-4.6.2-glibc-2.13-linaro-multilib-2011.12/tq-linaro-toolchain/bin/arm-fsl-linux-gnueabi-nm -B'
NMEDIT=''
OBJDUMP='arm-fsl-linux-gnueabi-objdump'
OBJEXT='o'
OS_DARWIN=''
OS_DARWIN_FALSE=''
OS_DARWIN_TRUE='#'
OS_LINUX=''
OS_LINUX_FALSE='#'
OS_LINUX_TRUE=''
OS_NETBSD=''
OS_NETBSD_FALSE=''
OS_NETBSD_TRUE='#'
OS_OPENBSD=''
OS_OPENBSD_FALSE=''
OS_OPENBSD_TRUE='#'
OS_WINDOWS=''
OS_WINDOWS_FALSE=''
OS_WINDOWS_TRUE='#'
OTOOL64=''
OTOOL=''
PACKAGE='libusb'
PACKAGE_BUGREPORT='libusb-devel@lists.sourceforge.net'
PACKAGE_NAME='libusb'
PACKAGE_STRING='libusb 1.0.19'
PACKAGE_TARNAME='libusb'
PACKAGE_URL='http://libusb.info'
PACKAGE_VERSION='1.0.19'
PATH_SEPARATOR=':'
RANLIB='arm-fsl-linux-gnueabi-ranlib'
RC=''
SED='/bin/sed'
SET_MAKE=''
SHELL='/bin/sh'
STRIP='arm-fsl-linux-gnueabi-strip'
THREADS_POSIX_FALSE='#'
THREADS_POSIX_TRUE=''
USE_UDEV=''
USE_UDEV_FALSE=''
USE_UDEV_TRUE='#'
VERSION='1.0.19'
ac_ct_AR=''
ac_ct_CC=''
ac_ct_DUMPBIN=''
am__EXEEXT_FALSE=''
am__EXEEXT_TRUE='#'
am__fastdepCC_FALSE='#'
am__fastdepCC_TRUE=''
am__include='include'
am__isrc=''
am__leading_dot='.'
am__nodep='_no'
am__quote=''
am__tar='$${TAR-tar} chof - "$$tardir"'
am__untar='$${TAR-tar} xf -'
bindir='${exec_prefix}/bin'
build='i686-pc-linux-gnu'
build_alias=''
build_cpu='i686'
build_os='linux-gnu'
build_vendor='pc'
datadir='${datarootdir}'
datarootdir='${prefix}/share'
docdir='${datarootdir}/doc/${PACKAGE_TARNAME}'
dvidir='${docdir}'
exec_prefix='${prefix}'
host='arm-fsl-linux-gnueabi'
host_alias='arm-fsl-linux-gnueabi'
host_cpu='arm'
host_os='linux-gnueabi'
host_vendor='fsl'
htmldir='${docdir}'
includedir='${prefix}/include'
infodir='${datarootdir}/info'
install_sh='${SHELL} /home/git/syscode/src/dspcom/libusb-1.0.19/install-sh'
libdir='${exec_prefix}/lib'
libexecdir='${exec_prefix}/libexec'
localedir='${datarootdir}/locale'
localstatedir='${prefix}/var'
mandir='${datarootdir}/man'
mkdir_p='$(MKDIR_P)'
oldincludedir='/usr/include'
pdfdir='${docdir}'
prefix='/usr/local'
program_transform_name='s,x,x,'
psdir='${docdir}'
sbindir='${exec_prefix}/sbin'
sharedstatedir='${prefix}/com'
sysconfdir='${prefix}/etc'
target_alias=''

## ----------- ##
## confdefs.h. ##
## ----------- ##

/* confdefs.h */
#define PACKAGE_NAME "libusb"
#define PACKAGE_TARNAME "libusb"
#define PACKAGE_VERSION "1.0.19"
#define PACKAGE_STRING "libusb 1.0.19"
#define PACKAGE_BUGREPORT "libusb-devel@lists.sourceforge.net"
#define PACKAGE_URL "http://libusb.info"
#define PACKAGE "libusb"
#define VERSION "1.0.19"
#define STDC_HEADERS 1
#define HAVE_SYS_TYPES_H 1
#define HAVE_SYS_STAT_H 1
#define HAVE_STDLIB_H 1
#define HAVE_STRING_H 1
#define HAVE_MEMORY_H 1
#define HAVE_STRINGS_H 1
#define HAVE_INTTYPES_H 1
#define HAVE_STDINT_H 1
#define HAVE_UNISTD_H 1
#define HAVE_DLFCN_H 1
#define LT_OBJDIR ".libs/"
#define _GNU_SOURCE 1
#define OS_LINUX 1
#define HAVE_ASM_TYPES_H 1
#define HAVE_SYS_SOCKET_H 1
#define HAVE_LINUX_NETLINK_H 1
#define HAVE_LINUX_FILTER_H 1
#define HAVE_POLL_H 1
#define POLL_NFDS_TYPE nfds_t
#define THREADS_POSIX 1
#define USBI_TIMERFD_AVAILABLE 1
#define HAVE_STRUCT_TIMESPEC 1
#define ENABLE_LOGGING 1
#define HAVE_SYSLOG_H 1
#define HAVE_SYSLOG_FUNC 1
#define DEFAULT_VISIBILITY __attribute__((visibility("default")))
#define HAVE_SYS_TIME_H 1
#define HAVE_GETTIMEOFDAY 1
#define HAVE_SIGNAL_H 1

configure: exit 0
